# JRE version: OpenJDK Runtime Environment (11.0.10) (build 11.0.10+0-b96-7249189)
# Java VM: OpenJDK 64-Bit Server VM (11.0.10+0-b96-7249189, mixed mode, tiered, compressed oops, g1 gc, windows-amd64)
Heap:
 garbage-first heap   total 262144K, used 184958K [0x0000000080000000, 0x0000000100000000)
  region size 1024K, 135 young (138240K), 7 survivors (7168K)
 Metaspace       used 48001K, capacity 49259K, committed 49408K, reserved 1091584K
  class space    used 6172K, capacity 6636K, committed 6656K, reserved 1048576K
GC Heap History (20 events):
Event: 4.659 GC heap before
{Heap before GC invocations=9 (full 0):
 garbage-first heap   total 262144K, used 194745K [0x0000000080000000, 0x0000000100000000)
  region size 1024K, 153 young (156672K), 11 survivors (11264K)
 Metaspace       used 47083K, capacity 48287K, committed 48640K, reserved 1091584K
  class space    used 6077K, capacity 6534K, committed 6656K, reserved 1048576K
}
Event: 4.664 GC heap after
{Heap after GC invocations=10 (full 0):
 garbage-first heap   total 262144K, used 51600K [0x0000000080000000, 0x0000000100000000)
  region size 1024K, 13 young (13312K), 13 survivors (13312K)
 Metaspace       used 47083K, capacity 48287K, committed 48640K, reserved 1091584K
  class space    used 6077K, capacity 6534K, committed 6656K, reserved 1048576K
}
Event: 4.961 GC heap before
{Heap before GC invocations=10 (full 0):
 garbage-first heap   total 262144K, used 194960K [0x0000000080000000, 0x0000000100000000)
  region size 1024K, 153 young (156672K), 13 survivors (13312K)
 Metaspace       used 47086K, capacity 48288K, committed 48640K, reserved 1091584K
  class space    used 6077K, capacity 6534K, committed 6656K, reserved 1048576K
}
Event: 4.967 GC heap after
{Heap after GC invocations=11 (full 0):
 garbage-first heap   total 262144K, used 53463K [0x0000000080000000, 0x0000000100000000)
  region size 1024K, 8 young (8192K), 8 survivors (8192K)
 Metaspace       used 47086K, capacity 48288K, committed 48640K, reserved 1091584K
  class space    used 6077K, capacity 6534K, committed 6656K, reserved 1048576K
}
Event: 5.267 GC heap before
{Heap before GC invocations=11 (full 0):
 garbage-first heap   total 262144K, used 201943K [0x0000000080000000, 0x0000000100000000)
  region size 1024K, 153 young (156672K), 8 survivors (8192K)
 Metaspace       used 47092K, capacity 48288K, committed 48640K, reserved 1091584K
  class space    used 6077K, capacity 6534K, committed 6656K, reserved 1048576K
}
Event: 5.272 GC heap after
{Heap after GC invocations=12 (full 0):
 garbage-first heap   total 262144K, used 54879K [0x0000000080000000, 0x0000000100000000)
  region size 1024K, 9 young (9216K), 9 survivors (9216K)
 Metaspace       used 47092K, capacity 48288K, committed 48640K, reserved 1091584K
  class space    used 6077K, capacity 6534K, committed 6656K, reserved 1048576K
}
Event: 5.568 GC heap before
{Heap before GC invocations=12 (full 0):
 garbage-first heap   total 262144K, used 202335K [0x0000000080000000, 0x0000000100000000)
  region size 1024K, 153 young (156672K), 9 survivors (9216K)
 Metaspace       used 47092K, capacity 48288K, committed 48640K, reserved 1091584K
  class space    used 6077K, capacity 6534K, committed 6656K, reserved 1048576K
}
Event: 5.573 GC heap after
{Heap after GC invocations=13 (full 0):
 garbage-first heap   total 262144K, used 56710K [0x0000000080000000, 0x0000000100000000)
  region size 1024K, 11 young (11264K), 11 survivors (11264K)
 Metaspace       used 47092K, capacity 48288K, committed 48640K, reserved 1091584K
  class space    used 6077K, capacity 6534K, committed 6656K, reserved 1048576K
}
Event: 5.847 GC heap before
{Heap before GC invocations=13 (full 0):
 garbage-first heap   total 262144K, used 203142K [0x0000000080000000, 0x0000000100000000)
  region size 1024K, 153 young (156672K), 11 survivors (11264K)
 Metaspace       used 47094K, capacity 48288K, committed 48640K, reserved 1091584K
  class space    used 6077K, capacity 6534K, committed 6656K, reserved 1048576K
}
Event: 5.853 GC heap after
{Heap after GC invocations=14 (full 0):
 garbage-first heap   total 262144K, used 58710K [0x0000000080000000, 0x0000000100000000)
  region size 1024K, 13 young (13312K), 13 survivors (13312K)
 Metaspace       used 47094K, capacity 48288K, committed 48640K, reserved 1091584K
  class space    used 6077K, capacity 6534K, committed 6656K, reserved 1048576K
}
Event: 6.340 GC heap before
{Heap before GC invocations=14 (full 0):
 garbage-first heap   total 262144K, used 207190K [0x0000000080000000, 0x0000000100000000)
  region size 1024K, 153 young (156672K), 13 survivors (13312K)
 Metaspace       used 47252K, capacity 48451K, committed 48640K, reserved 1091584K
  class space    used 6095K, capacity 6545K, committed 6656K, reserved 1048576K
}
Event: 6.342 GC heap after
{Heap after GC invocations=15 (full 0):
 garbage-first heap   total 262144K, used 50064K [0x0000000080000000, 0x0000000100000000)
  region size 1024K, 4 young (4096K), 4 survivors (4096K)
 Metaspace       used 47252K, capacity 48451K, committed 48640K, reserved 1091584K
  class space    used 6095K, capacity 6545K, committed 6656K, reserved 1048576K
}
Event: 6.543 GC heap before
{Heap before GC invocations=15 (full 0):
 garbage-first heap   total 262144K, used 202640K [0x0000000080000000, 0x0000000100000000)
  region size 1024K, 153 young (156672K), 4 survivors (4096K)
 Metaspace       used 47281K, capacity 48518K, committed 48640K, reserved 1091584K
  class space    used 6099K, capacity 6546K, committed 6656K, reserved 1048576K
}
Event: 6.545 GC heap after
{Heap after GC invocations=16 (full 0):
 garbage-first heap   total 262144K, used 51907K [0x0000000080000000, 0x0000000100000000)
  region size 1024K, 6 young (6144K), 6 survivors (6144K)
 Metaspace       used 47281K, capacity 48518K, committed 48640K, reserved 1091584K
  class space    used 6099K, capacity 6546K, committed 6656K, reserved 1048576K
}
Event: 6.883 GC heap before
{Heap before GC invocations=16 (full 0):
 garbage-first heap   total 262144K, used 207555K [0x0000000080000000, 0x0000000100000000)
  region size 1024K, 153 young (156672K), 6 survivors (6144K)
 Metaspace       used 47685K, capacity 48907K, committed 49152K, reserved 1091584K
  class space    used 6139K, capacity 6588K, committed 6656K, reserved 1048576K
}
Event: 6.884 GC heap after
{Heap after GC invocations=17 (full 0):
 garbage-first heap   total 262144K, used 49220K [0x0000000080000000, 0x0000000100000000)
  region size 1024K, 4 young (4096K), 4 survivors (4096K)
 Metaspace       used 47685K, capacity 48907K, committed 49152K, reserved 1091584K
  class space    used 6139K, capacity 6588K, committed 6656K, reserved 1048576K
}
Event: 7.221 GC heap before
{Heap before GC invocations=17 (full 0):
 garbage-first heap   total 262144K, used 207940K [0x0000000080000000, 0x0000000100000000)
  region size 1024K, 153 young (156672K), 4 survivors (4096K)
 Metaspace       used 48000K, capacity 49259K, committed 49408K, reserved 1091584K
  class space    used 6172K, capacity 6636K, committed 6656K, reserved 1048576K
}
Event: 7.224 GC heap after
{Heap after GC invocations=18 (full 0):
 garbage-first heap   total 262144K, used 55842K [0x0000000080000000, 0x0000000100000000)
  region size 1024K, 7 young (7168K), 7 survivors (7168K)
 Metaspace       used 48000K, capacity 49259K, committed 49408K, reserved 1091584K
  class space    used 6172K, capacity 6636K, committed 6656K, reserved 1048576K
}
Event: 7.357 GC heap before
{Heap before GC invocations=18 (full 0):
 garbage-first heap   total 262144K, used 205346K [0x0000000080000000, 0x0000000100000000)
  region size 1024K, 153 young (156672K), 7 survivors (7168K)
 Metaspace       used 48001K, capacity 49259K, committed 49408K, reserved 1091584K
  class space    used 6172K, capacity 6636K, committed 6656K, reserved 1048576K
}
Event: 7.359 GC heap after
{Heap after GC invocations=19 (full 0):
 garbage-first heap   total 262144K, used 55934K [0x0000000080000000, 0x0000000100000000)
  region size 1024K, 7 young (7168K), 7 survivors (7168K)
 Metaspace       used 48001K, capacity 49259K, committed 49408K, reserved 1091584K
  class space    used 6172K, capacity 6636K, committed 6656K, reserved 1048576K
}

